<?xml version="1.0" encoding="UTF-8"?>
<!-- Generated by org.testng.reporters.JUnitReportReporter -->
<testsuite hostname="DESKTOP-EUH2O3V" failures="0" tests="3" name="courseEndProject.Assignment001" time="5.241" errors="0" timestamp="2023-12-20T10:26:17 IST" skipped="0">
  <testcase classname="courseEndProject.Assignment001" name="Assignment001Post" time="2.956"/>
  <system-out/>
  <testcase classname="courseEndProject.Assignment001" name="assignment001Get" time="1.110"/>
  <system-out/>
  <testcase classname="courseEndProject.Assignment001" name="assignment001Delete" time="1.175"/>
  <system-out/>
</testsuite> <!-- courseEndProject.Assignment001 -->
