<?xml version="1.0" encoding="UTF-8"?>
<!-- Generated by org.testng.reporters.JUnitReportReporter -->
<testsuite hostname="DESKTOP-EUH2O3V" failures="0" tests="2" name="courseEndProject.Assignment005And006" time="4.360" errors="0" timestamp="2023-12-20T10:38:40 IST" skipped="0">
  <testcase classname="courseEndProject.Assignment005And006" name="assignment005FindByStatus" time="2.573"/>
  <system-out/>
  <testcase classname="courseEndProject.Assignment005And006" name="assignment006Logout" time="1.787"/>
  <system-out/>
</testsuite> <!-- courseEndProject.Assignment005And006 -->
