<?xml version="1.0" encoding="UTF-8"?>
<!-- Generated by org.testng.reporters.JUnitReportReporter -->
<testsuite hostname="DESKTOP-EUH2O3V" failures="0" tests="2" name="courseEndProject.Assignment003And004" time="4.178" errors="0" timestamp="2023-12-20T10:36:43 IST" skipped="0">
  <testcase classname="courseEndProject.Assignment003And004" name="assignment003User" time="2.973"/>
  <system-out/>
  <testcase classname="courseEndProject.Assignment003And004" name="assignment004login" time="1.205"/>
  <system-out/>
</testsuite> <!-- courseEndProject.Assignment003And004 -->
