<?xml version="1.0" encoding="UTF-8"?>
<!-- Generated by org.testng.reporters.JUnitReportReporter -->
<testsuite hostname="DESKTOP-EUH2O3V" failures="0" tests="2" name="courseEndProject.Assignment002" time="4.169" errors="0" timestamp="2023-12-20T10:32:46 IST" skipped="0">
  <testcase classname="courseEndProject.Assignment002" name="assignment002Post" time="2.995"/>
  <system-out/>
  <testcase classname="courseEndProject.Assignment002" name="assignment002Put" time="1.174"/>
  <system-out/>
</testsuite> <!-- courseEndProject.Assignment002 -->
